<?xml version="1.0" encoding="UTF-8"?>
<!-- Generated by org.testng.reporters.JUnitReportReporter -->
<testsuite skipped="0" hostname="LAPTOP-4BK013Q7" name="practise.AppiumFramework.Ecommerce_tc_4" tests="1" failures="0" timestamp="2020-11-28T14:20:28 IST" time="55.974" errors="0">
  <testcase name="totalValidation" time="55.974" classname="practise.AppiumFramework.Ecommerce_tc_4"/>
  <system-out/>
</testsuite> <!-- practise.AppiumFramework.Ecommerce_tc_4 -->
